<?xml version="1.0" encoding="utf-8"?><testsuites name="pytest tests"><testsuite name="pytest" errors="0" failures="0" skipped="0" tests="19" time="4.940" timestamp="2026-06-07T07:30:19.566131+00:00" hostname="agent-env-1aaaecdb-e920-4f02-8074-90b5ec8cba30"><testcase classname="backend.tests.test_jato_backend.TestRate" name="test_rate_returns_number" time="0.277" /><testcase classname="backend.tests.test_jato_backend.TestSignup" name="test_signup_personal_returns_token" time="0.292" /><testcase classname="backend.tests.test_jato_backend.TestSignup" name="test_signup_personal_missing_cpf" time="0.041" /><testcase classname="backend.tests.test_jato_backend.TestSignup" name="test_signup_business_missing_cnpj" time="0.043" /><testcase classname="backend.tests.test_jato_backend.TestSignup" name="test_signup_duplicate_email" time="0.041" /><testcase classname="backend.tests.test_jato_backend.TestLogin" name="test_demo_login_success" time="0.269" /><testcase classname="backend.tests.test_jato_backend.TestLogin" name="test_login_wrong_password" time="0.266" /><testcase classname="backend.tests.test_jato_backend.TestLogin" name="test_login_unverified_user_403" time="0.570" /><testcase classname="backend.tests.test_jato_backend.TestVerifyEmail" name="test_verify_then_reuse_then_invalid" time="0.476" /><testcase classname="backend.tests.test_jato_backend.TestVerifyEmail" name="test_resend_verification_returns_new_token" time="0.314" /><testcase classname="backend.tests.test_jato_backend.TestMe" name="test_me_with_token" time="0.304" /><testcase classname="backend.tests.test_jato_backend.TestMe" name="test_me_missing_token" time="0.038" /><testcase classname="backend.tests.test_jato_backend.TestMe" name="test_me_invalid_token" time="0.042" /><testcase classname="backend.tests.test_jato_backend.TestBalance" name="test_balance" time="0.042" /><testcase classname="backend.tests.test_jato_backend.TestTransactions" name="test_list_demo_has_5" time="0.046" /><testcase classname="backend.tests.test_jato_backend.TestTransactions" name="test_filter_funded" time="0.043" /><testcase classname="backend.tests.test_jato_backend.TestTransactions" name="test_filter_card_spend" time="0.081" /><testcase classname="backend.tests.test_jato_backend.TestTransactions" name="test_create_funded_increments_balance" time="0.899" /><testcase classname="backend.tests.test_jato_backend.TestCard" name="test_status_then_waitlist" time="0.724" /></testsuite></testsuites>